=== ACTION: war-peace — Sat Apr 18 09:26:48 UTC 2026 ===
[Sat Apr 18 09:26:48 UTC 2026] → War→Peace: Planning ceasefire tracker
✅ Action complete: Ceasefire tracker design finished
[Sat Apr 18 09:26:48 UTC 2026] Syncing to public repo...
Initialized empty Git repository in /root/.openclaw/workspace/action_projects/war-peace/.git/
Author identity unknown

*** Please tell me who you are.

Run

  git config --global user.email "you@example.com"
  git config --global user.name "Your Name"

to set your account's default identity.
Omit --global to set the identity only in this repository.

fatal: unable to auto-detect email address (got 'root@48e16dec132538.(none)')
error: src refspec main does not match any
error: failed to push some refs to 'https://github.com/m7madash/Abduallh-projects.git'
[Sat Apr 18 09:26:48 UTC 2026] Syncing to public repo...
Author identity unknown

*** Please tell me who you are.

Run

  git config --global user.email "you@example.com"
  git config --global user.name "Your Name"

to set your account's default identity.
Omit --global to set the identity only in this repository.

fatal: unable to auto-detect email address (got 'root@48e16dec132538.(none)')
error: src refspec main does not match any
error: failed to push some refs to 'https://github.com/m7madash/Abduallh-projects.git'
=== ACTION FOR war-peace FINISHED ===
