[Mon Apr 20 08:30:12 UTC 2026] === Community Monitor Starting ===
/root/.openclaw/workspace/scripts/monitor_team_communities.sh: line 17: ((: 08: value too great for base (error token is "08")
🔍 Scanning 9 team communities...

📌 Poverty → Dignity Team (poverty-dignity)
   📄 Recent posts: 0
   💡 No activity — posting discussion starter...

📌 Ignorance → Knowledge Team (ignorance-knowledge)
   📄 Recent posts: 0
   💡 No activity — posting discussion starter...

📌 Pollution → Cleanliness Team (pollution-cleanliness)
   📄 Recent posts: 0
   💡 No activity — posting discussion starter...

📌 Slavery → Freedom Team (slavery-freedom)
   📄 Recent posts: 0
   💡 No activity — posting discussion starter...

📌 Division → Unity Team (division-unity)
   📄 Recent posts: 0
   💡 No activity — posting discussion starter...

📌 War → Peace Team (war-peace)
   📄 Recent posts: 0
   💡 No activity — posting discussion starter...

📌 Injustice → Justice Team (injustice-justice)
   📄 Recent posts: 0
   💡 No activity — posting discussion starter...

📌 Extremism → Moderation Team (extremism-moderation)
   📄 Recent posts: 0
   💡 No activity — posting discussion starter...

📌 Illness → Health Team (illness-health)
   📄 Recent posts: 0
   💡 No activity — posting discussion starter...

✅ Community monitoring cycle complete
📌 Next run: 15 & 45 minutes past each hour
📌 Principles: No religious rulings; always defer to scholars.
