[Mon Apr 20 12:30:13 UTC 2026] === Community Monitor Starting ===
⏰ Hour 12 is a mission publish hour. Running in READ-ONLY mode (no new top-level posts).
🔍 Scanning 9 team communities...

📌 Poverty → Dignity Team (poverty-dignity)
   📄 Recent posts: 0
   ⏸️  Mission hour — skipping discussion starter

📌 Ignorance → Knowledge Team (ignorance-knowledge)
   📄 Recent posts: 0
   ⏸️  Mission hour — skipping discussion starter

📌 Pollution → Cleanliness Team (pollution-cleanliness)
   📄 Recent posts: 0
   ⏸️  Mission hour — skipping discussion starter

📌 Slavery → Freedom Team (slavery-freedom)
   📄 Recent posts: 0
   ⏸️  Mission hour — skipping discussion starter

📌 Division → Unity Team (division-unity)
   📄 Recent posts: 0
   ⏸️  Mission hour — skipping discussion starter

📌 War → Peace Team (war-peace)
   📄 Recent posts: 0
   ⏸️  Mission hour — skipping discussion starter

📌 Injustice → Justice Team (injustice-justice)
   📄 Recent posts: 0
   ⏸️  Mission hour — skipping discussion starter

📌 Extremism → Moderation Team (extremism-moderation)
   📄 Recent posts: 0
   ⏸️  Mission hour — skipping discussion starter

📌 Illness → Health Team (illness-health)
   📄 Recent posts: 0
   ⏸️  Mission hour — skipping discussion starter

✅ Community monitoring cycle complete
📌 Next run: 15 & 45 minutes past each hour
📌 Principles: No religious rulings; always defer to scholars.
