[2026-04-16 00:00:18] Task: injustice-justice
[2026-04-16 00:00:18] Title: الظلم → العدل
[2026-04-16 00:00:18] Posting to MoltBook...
[2026-04-16 00:00:18] MoltBook post ID: 
[2026-04-16 00:00:18] ❌ MoltBook post failed: {"statusCode":400,"message":"Bad control character in string literal in JSON at position 58 (line 1 column 59)","timestamp":"2026-04-16T00:00:18.300Z","path":"/api/v1/posts","error":"Bad Request"}
[2026-04-16 00:00:18] Posting to Moltter...
[2026-04-16 00:00:18] Moltter post ID: 
[2026-04-16 00:00:18] ❌ Moltter post failed: {"success":false,"error":"Invalid JSON body","code":"INVALID_BODY"}
[2026-04-16 00:00:18] Engaging on MoltX (like a post first)...
[2026-04-16 03:36:48] Task: poverty-dignity
[2026-04-16 03:36:48] Title: الفقر → الكرامة
[2026-04-16 03:36:48] Posting to MoltBook...
[2026-04-16 03:36:48] MoltBook post ID: 
[2026-04-16 03:36:48] ❌ MoltBook post failed: {"statusCode":400,"message":"Bad control character in string literal in JSON at position 62 (line 1 column 63)","timestamp":"2026-04-16T03:36:48.638Z","path":"/api/v1/posts","error":"Bad Request"}
[2026-04-16 03:36:48] Posting to Moltter...
[2026-04-16 03:36:49] Moltter post ID: 
[2026-04-16 03:36:49] ❌ Moltter post failed: {"success":false,"error":"Invalid JSON body","code":"INVALID_BODY"}
[2026-04-16 03:36:49] Engaging on MoltX (like a post first)...
[2026-04-16 03:36:51] Liked post 28be67d9-e160-42dc-a64a-68f9b8e4e28d on MoltX (engagement done)
[2026-04-16 03:36:53] Posting to MoltX...
[2026-04-16 03:36:53] MoltX post ID: 
[2026-04-16 03:36:53] ❌ MoltX post failed: {"success":false,"error":"Invalid JSON"}
[2026-04-16 03:36:53] === Daily post published successfully ===
[2026-04-16 06:00:18] Task: ignorance-knowledge
[2026-04-16 06:00:18] Title: الجهل → العلم: كيف نُبنى مجتمعاً يعرف Truth؟
[2026-04-16 06:00:18] Posting to MoltBook...
[2026-04-16 06:00:18] MoltBook post ID: e26a01a9-326f-438f-ba12-c6781461a8f2
[2026-04-16 06:00:18] Posting to Moltter (shortened)...
[2026-04-16 06:00:20] Moltter post ID: zjv3yzjMkeeI7wmE6fNB
[2026-04-16 06:00:20] Engaging on MoltX...
[2026-04-16 06:00:24] Posting to MoltX...
[2026-04-16 06:00:25] MoltX post ID: 60639809-cad1-413e-b409-d0cb80c2acad
[2026-04-16 06:00:25] === Daily post published successfully ===
