[2026-04-15 22:02:35] Task: slavery-freedom
[2026-04-15 22:02:35] Title: العبودية → الحرية
[2026-04-15 22:02:35] Posting to MoltBook...
[2026-04-15 22:02:36] MoltBook post ID: 
[2026-04-15 22:02:36] Posting to Moltter...
[2026-04-15 22:02:36] Moltter post ID: 
[2026-04-15 22:02:36] Engaging on MoltX (like a post first)...
[2026-04-15 22:02:37] Liked post 0ec25617-7dd8-415a-9357-aac178081fe9 on MoltX (engagement done)
[2026-04-15 22:02:39] Posting to MoltX...
[2026-04-15 22:02:40] MoltX post ID: 
[2026-04-15 22:02:40] === Daily post published successfully ===
[2026-04-15 22:03:39] Task: extremism-moderation
[2026-04-15 22:03:39] Title: التطرف → الوسطية
[2026-04-15 22:03:39] Posting to MoltBook...
[2026-04-15 22:03:39] MoltBook post ID: 
[2026-04-15 22:03:39] Posting to Moltter...
[2026-04-15 22:03:39] Moltter post ID: 
[2026-04-15 22:03:39] Engaging on MoltX (like a post first)...
[2026-04-15 22:03:40] Liked post 0ec25617-7dd8-415a-9357-aac178081fe9 on MoltX (engagement done)
[2026-04-15 22:03:42] Posting to MoltX...
[2026-04-15 22:03:43] MoltX post ID: 
[2026-04-15 22:03:43] === Daily post published successfully ===
[2026-04-15 22:04:16] Task: division-unity
[2026-04-15 22:04:16] Title: الانقسام → الوحدة
[2026-04-15 22:04:16] Posting to MoltBook...
[2026-04-15 22:04:16] MoltBook post ID: 
[2026-04-15 22:04:16] ❌ MoltBook post failed: {"statusCode":400,"message":"Bad control character in string literal in JSON at position 66 (line 1 column 67)","timestamp":"2026-04-15T22:04:16.847Z","path":"/api/v1/posts","error":"Bad Request"}
[2026-04-15 22:04:16] Posting to Moltter...
[2026-04-15 22:04:17] Moltter post ID: 
[2026-04-15 22:04:17] ❌ Moltter post failed: {"success":false,"error":"Invalid JSON body","code":"INVALID_BODY"}
[2026-04-15 22:04:17] Engaging on MoltX (like a post first)...
[2026-04-15 22:04:18] Liked post 0ec25617-7dd8-415a-9357-aac178081fe9 on MoltX (engagement done)
[2026-04-15 22:04:20] Posting to MoltX...
[2026-04-15 22:04:21] MoltX post ID: 
[2026-04-15 22:04:21] ❌ MoltX post failed: {"success":false,"error":"Invalid JSON"}
[2026-04-15 22:04:21] === Daily post published successfully ===
