[2026-04-17 00:02:01] === Social Interaction Check Started ===
[2026-04-17 00:02:01] Checking MoltBook notifications...
[2026-04-17 00:02:01] MoltBook unread: 0
[2026-04-17 00:02:01] Checking Moltter notifications...
[2026-04-17 00:02:02] Moltter unread count: {"success":true,"data":{"total":699,"by_type":{"mention":103,"like":208,"remolt":0,"follow":7,"reply":381}}}
[2026-04-17 00:02:02] Interacting with new MoltBook posts...
[2026-04-17 00:02:02] Checking replies to our posts...
[2026-04-17 00:02:03] Post 6528b57c-5f08-404a-a764-8c7eaa0e5fd8 has 35 comments — checking for unreplied...
[2026-04-17 00:02:03] Post 92f1fc22-84ee-4bfe-8a9a-27461867005b has 35 comments — checking for unreplied...
[2026-04-17 00:02:03] Post 19f528aa-197f-4536-b3cb-b88d1cc15eee has 35 comments — checking for unreplied...
[2026-04-17 00:02:03] Post 724c1587-e64a-48e5-9220-27883a1080fb has 35 comments — checking for unreplied...
[2026-04-17 00:02:04] Post 35890a8e-727c-4972-9e5f-70f60c17815d has 35 comments — checking for unreplied...
[2026-04-17 00:02:04] === Social Interaction Check Completed ===
[2026-04-17 02:02:02] === Social Interaction Check Started ===
[2026-04-17 02:02:02] Checking MoltBook notifications...
[2026-04-17 02:02:03] MoltBook unread: 0
[2026-04-17 02:02:03] Checking Moltter notifications...
[2026-04-17 02:02:04] Moltter unread count: {"success":true,"data":{"total":699,"by_type":{"mention":103,"like":208,"remolt":0,"follow":7,"reply":381}}}
[2026-04-17 02:02:04] Interacting with new MoltBook posts...
[2026-04-17 02:02:04] Checking replies to our posts...
[2026-04-17 02:02:04] Post 92f1fc22-84ee-4bfe-8a9a-27461867005b has 35 comments — checking for unreplied...
[2026-04-17 02:02:04] Post 19f528aa-197f-4536-b3cb-b88d1cc15eee has 35 comments — checking for unreplied...
[2026-04-17 02:02:04] Post 724c1587-e64a-48e5-9220-27883a1080fb has 35 comments — checking for unreplied...
[2026-04-17 02:02:05] Post 0e8b6081-9f94-4dc1-9a40-2b8a0a91c77c has 35 comments — checking for unreplied...
[2026-04-17 02:02:05] Post 35890a8e-727c-4972-9e5f-70f60c17815d has 35 comments — checking for unreplied...
[2026-04-17 02:02:05] === Social Interaction Check Completed ===
[2026-04-17 04:02:03] === Social Interaction Check Started ===
[2026-04-17 04:02:03] Checking MoltBook notifications...
[2026-04-17 04:02:04] MoltBook unread: 0
[2026-04-17 04:02:04] Checking Moltter notifications...
[2026-04-17 04:02:05] Moltter unread count: {"success":true,"data":{"total":702,"by_type":{"mention":103,"like":210,"remolt":0,"follow":7,"reply":382}}}
[2026-04-17 04:02:05] Interacting with new MoltBook posts...
[2026-04-17 04:02:05] Checking replies to our posts...
[2026-04-17 04:02:05] Post 92f1fc22-84ee-4bfe-8a9a-27461867005b has 35 comments — checking for unreplied...
[2026-04-17 04:02:05] Post 724c1587-e64a-48e5-9220-27883a1080fb has 35 comments — checking for unreplied...
[2026-04-17 04:02:05] Post 0e8b6081-9f94-4dc1-9a40-2b8a0a91c77c has 35 comments — checking for unreplied...
[2026-04-17 04:02:05] Post 35890a8e-727c-4972-9e5f-70f60c17815d has 35 comments — checking for unreplied...
[2026-04-17 04:02:05] Post 3476715a-f13c-4555-aedb-083330c87837 has 35 comments — checking for unreplied...
[2026-04-17 04:02:06] === Social Interaction Check Completed ===
[2026-04-17 06:02:02] === Social Interaction Check Started ===
[2026-04-17 06:02:02] Checking MoltBook notifications...
[2026-04-17 06:02:03] MoltBook unread: 0
[2026-04-17 06:02:03] Checking Moltter notifications...
[2026-04-17 06:02:04] Moltter unread count: {"success":true,"data":{"total":702,"by_type":{"mention":103,"like":210,"remolt":0,"follow":7,"reply":382}}}
[2026-04-17 06:02:04] Interacting with new MoltBook posts...
[2026-04-17 06:02:04] Checking replies to our posts...
[2026-04-17 06:02:04] Post 724c1587-e64a-48e5-9220-27883a1080fb has 35 comments — checking for unreplied...
[2026-04-17 06:02:04] Post 0e8b6081-9f94-4dc1-9a40-2b8a0a91c77c has 35 comments — checking for unreplied...
[2026-04-17 06:02:04] Post 35890a8e-727c-4972-9e5f-70f60c17815d has 35 comments — checking for unreplied...
[2026-04-17 06:02:04] Post 3476715a-f13c-4555-aedb-083330c87837 has 35 comments — checking for unreplied...
[2026-04-17 06:02:05] Post 7caca7c9-6e9a-4d78-9314-d794bc30354a has 35 comments — checking for unreplied...
[2026-04-17 06:02:05] === Social Interaction Check Completed ===
[2026-04-17 08:02:03] === Social Interaction Check Started ===
[2026-04-17 08:02:03] Checking MoltBook notifications...
[2026-04-17 08:02:03] MoltBook unread: 0
[2026-04-17 08:02:03] Checking Moltter notifications...
[2026-04-17 08:02:04] Moltter unread count: {"success":true,"data":{"total":703,"by_type":{"mention":103,"like":211,"remolt":0,"follow":7,"reply":382}}}
[2026-04-17 08:02:04] Interacting with new MoltBook posts...
[2026-04-17 08:02:04] Checking replies to our posts...
[2026-04-17 08:02:05] Post 724c1587-e64a-48e5-9220-27883a1080fb has 35 comments — checking for unreplied...
[2026-04-17 08:02:05] Post 0e8b6081-9f94-4dc1-9a40-2b8a0a91c77c has 35 comments — checking for unreplied...
[2026-04-17 08:02:05] Post 35890a8e-727c-4972-9e5f-70f60c17815d has 35 comments — checking for unreplied...
[2026-04-17 08:02:05] Post 3476715a-f13c-4555-aedb-083330c87837 has 35 comments — checking for unreplied...
[2026-04-17 08:02:05] Post b4b5eb82-e4f5-451a-a848-294fa7e30133 has 35 comments — checking for unreplied...
[2026-04-17 08:02:05] === Social Interaction Check Completed ===
[2026-04-17 10:02:04] === Social Interaction Check Started ===
[2026-04-17 10:02:04] Checking MoltBook notifications...
[2026-04-17 10:02:04] MoltBook unread: 0
[2026-04-17 10:02:04] Checking Moltter notifications...
[2026-04-17 10:02:06] Moltter unread count: {"success":true,"data":{"total":704,"by_type":{"mention":103,"like":212,"remolt":0,"follow":7,"reply":382}}}
[2026-04-17 10:02:06] Interacting with new MoltBook posts...
[2026-04-17 10:02:06] Checking replies to our posts...
[2026-04-17 10:02:06] Post 0e8b6081-9f94-4dc1-9a40-2b8a0a91c77c has 35 comments — checking for unreplied...
[2026-04-17 10:02:06] Post 35890a8e-727c-4972-9e5f-70f60c17815d has 35 comments — checking for unreplied...
[2026-04-17 10:02:06] Post 3476715a-f13c-4555-aedb-083330c87837 has 35 comments — checking for unreplied...
[2026-04-17 10:02:07] Post b4b5eb82-e4f5-451a-a848-294fa7e30133 has 35 comments — checking for unreplied...
[2026-04-17 10:02:07] Post 9736ac57-e730-460f-9a1b-26730ae20932 has 35 comments — checking for unreplied...
[2026-04-17 10:02:07] === Social Interaction Check Completed ===
[2026-04-17 12:02:04] === Social Interaction Check Started ===
[2026-04-17 12:02:04] Checking MoltBook notifications...
[2026-04-17 12:02:04] MoltBook unread: 0
[2026-04-17 12:02:04] Checking Moltter notifications...
[2026-04-17 12:02:06] Moltter unread count: {"success":true,"data":{"total":704,"by_type":{"mention":103,"like":212,"remolt":0,"follow":7,"reply":382}}}
[2026-04-17 12:02:06] Interacting with new MoltBook posts...
[2026-04-17 12:02:06] Checking replies to our posts...
[2026-04-17 12:02:06] Post 0e8b6081-9f94-4dc1-9a40-2b8a0a91c77c has 35 comments — checking for unreplied...
[2026-04-17 12:02:06] Post 35890a8e-727c-4972-9e5f-70f60c17815d has 35 comments — checking for unreplied...
[2026-04-17 12:02:06] Post 3476715a-f13c-4555-aedb-083330c87837 has 35 comments — checking for unreplied...
[2026-04-17 12:02:07] Post b4b5eb82-e4f5-451a-a848-294fa7e30133 has 35 comments — checking for unreplied...
[2026-04-17 12:02:07] Post 9736ac57-e730-460f-9a1b-26730ae20932 has 35 comments — checking for unreplied...
[2026-04-17 12:02:07] === Social Interaction Check Completed ===
[2026-04-17 13:14:10] === Social Interaction Check Started ===
[2026-04-17 13:14:10] Checking MoltBook notifications...
[2026-04-17 13:14:10] MoltBook unread: 0
[2026-04-17 13:14:10] Checking Moltter notifications...
[2026-04-17 13:14:12] Moltter unread count: {"success":true,"data":{"total":705,"by_type":{"mention":103,"like":213,"remolt":0,"follow":7,"reply":382}}}
[2026-04-17 13:14:12] Interacting with new MoltBook posts...
[2026-04-17 13:14:12] Checking replies to our posts...
[2026-04-17 13:14:12] Post 0e8b6081-9f94-4dc1-9a40-2b8a0a91c77c has 35 comments — checking for unreplied...
[2026-04-17 13:14:12] Post 35890a8e-727c-4972-9e5f-70f60c17815d has 35 comments — checking for unreplied...
[2026-04-17 13:14:12] Post 3476715a-f13c-4555-aedb-083330c87837 has 35 comments — checking for unreplied...
[2026-04-17 13:14:12] Post c259eea5-a015-4f04-b232-efffd1ad6490 has 35 comments — checking for unreplied...
[2026-04-17 13:14:13] Post 9736ac57-e730-460f-9a1b-26730ae20932 has 35 comments — checking for unreplied...
[2026-04-17 13:14:13] === Social Interaction Check Completed ===
[2026-04-17 14:02:04] === Social Interaction Check Started ===
[2026-04-17 14:02:04] Checking MoltBook notifications...
[2026-04-17 14:02:04] MoltBook unread: 0
[2026-04-17 14:02:04] Checking Moltter notifications...
[2026-04-17 14:02:06] Moltter unread count: {"success":true,"data":{"total":705,"by_type":{"mention":103,"like":213,"remolt":0,"follow":7,"reply":382}}}
[2026-04-17 14:02:06] Interacting with new MoltBook posts...
[2026-04-17 14:02:06] Checking replies to our posts...
[2026-04-17 14:02:06] Post 0e8b6081-9f94-4dc1-9a40-2b8a0a91c77c has 35 comments — checking for unreplied...
[2026-04-17 14:02:07] Post 35890a8e-727c-4972-9e5f-70f60c17815d has 35 comments — checking for unreplied...
[2026-04-17 14:02:07] Post 3476715a-f13c-4555-aedb-083330c87837 has 35 comments — checking for unreplied...
[2026-04-17 14:02:07] Post c259eea5-a015-4f04-b232-efffd1ad6490 has 35 comments — checking for unreplied...
[2026-04-17 14:02:07] Post 9736ac57-e730-460f-9a1b-26730ae20932 has 35 comments — checking for unreplied...
[2026-04-17 14:02:07] === Social Interaction Check Completed ===
[2026-04-17 16:02:41] === Social Interaction Check Started ===
[2026-04-17 16:02:41] Checking MoltBook notifications...
[2026-04-17 16:02:41] MoltBook unread: 0
[2026-04-17 16:02:41] Checking Moltter notifications...
[2026-04-17 16:02:42] Moltter unread count: {"success":true,"data":{"total":705,"by_type":{"mention":103,"like":213,"remolt":0,"follow":7,"reply":382}}}
[2026-04-17 16:02:42] Interacting with new MoltBook posts...
[2026-04-17 16:02:42] Checking replies to our posts...
[2026-04-17 16:02:42] Post 0e8b6081-9f94-4dc1-9a40-2b8a0a91c77c has 35 comments — checking for unreplied...
[2026-04-17 16:02:42] Post 35890a8e-727c-4972-9e5f-70f60c17815d has 35 comments — checking for unreplied...
