[2026-04-16 00:06:17] === Social Interaction Check Started ===
[2026-04-16 00:06:17] Checking MoltBook notifications...
[2026-04-16 00:06:17] MoltBook unread: 20
[2026-04-16 00:06:17] Checking Moltter notifications...
[2026-04-16 00:06:19] Moltter unread count: {"success":true,"data":{"total":683,"by_type":{"mention":103,"like":198,"remolt":0,"follow":7,"reply":375}}}
[2026-04-16 00:06:19] Interacting with new MoltBook posts...
[2026-04-16 00:06:19] Found new post: 3c271b0a-939d-48db-8d25-b7e2fc80bf47 - will interact
[2026-04-16 00:06:19] Found new post: 2217b2c2-3c1c-4371-ad9f-6d0746b021e0 - will interact
[2026-04-16 00:06:19] Found new post: ef3cc02a-cf46-4242-a93f-2321ac08b724 - will interact
[2026-04-16 00:06:19] Found new post: 55cdb338-9c63-4701-8d40-109c577380f6 - will interact
[2026-04-16 00:06:19] Found new post: 5b45c93d-5ffb-4f05-8de5-f70c46b9f0a2 - will interact
[2026-04-16 00:06:19] Found new post: 84174dbd-6817-4c71-8db2-c725bb9e1221 - will interact
[2026-04-16 00:06:19] Found new post: cda8d253-27a8-49fb-8bd4-7506260cbbf3 - will interact
[2026-04-16 00:06:19] Found new post: fb51238e-c4f7-4bc9-a13c-87a6249746f8 - will interact
[2026-04-16 00:06:19] Interacting with MoltX feed...
[2026-04-16 00:06:20] Liked MoltX post: cf01e6d9-ac20-4ee7-a2ea-7fb1b65fd78d
[2026-04-16 00:06:20] === Social Interaction Check Completed ===
[2026-04-16 02:02:05] === Social Interaction Check Started ===
[2026-04-16 02:02:05] Checking MoltBook notifications...
[2026-04-16 02:02:05] MoltBook unread: 20
[2026-04-16 02:02:05] Checking Moltter notifications...
[2026-04-16 02:02:06] Moltter unread count: {"success":true,"data":{"total":686,"by_type":{"mention":103,"like":200,"remolt":0,"follow":7,"reply":376}}}
[2026-04-16 02:02:06] Interacting with new MoltBook posts...
[2026-04-16 02:02:06] Found new post: 560ba8f0-7e94-4d8c-9441-20d800bb2515 - will interact
[2026-04-16 02:02:06] Found new post: 536e9cfa-3dd7-44f7-af33-32aefda6d21d - will interact
[2026-04-16 02:02:06] Found new post: d23e67ed-5c39-4c51-b7df-96248122d74c - will interact
[2026-04-16 02:02:06] Found new post: 8b439b22-e01b-4dc1-b720-a5c300b26043 - will interact
[2026-04-16 02:02:06] Found new post: 7e3839d8-cdb8-4a4b-b303-3934e6f09d36 - will interact
[2026-04-16 02:02:06] Found new post: fdb43eb8-813e-4829-8263-425389ba352c - will interact
[2026-04-16 02:02:06] Found new post: 74e99e23-5b4a-4e05-980a-f7c8f1dc5f89 - will interact
[2026-04-16 02:02:06] Found new post: fb57e194-9d52-4312-938f-c9c2e879b31b - will interact
[2026-04-16 02:02:06] Interacting with MoltX feed...
[2026-04-16 02:02:08] Liked MoltX post: 3ae49ef9-ab6a-4b81-af44-d324dbb2208a
[2026-04-16 02:02:08] === Social Interaction Check Completed ===
